[0823/095717.143:ERROR:registration_protocol_win.cc(130)] TransactNamedPipe: Le canal de communication a été fermé. (0x6D)
[0823/095717.143:ERROR:crash_report_database_win.cc(606)] CreateDirectory C:\ProgramData\Safe Family\Logs: Accès refusé. (0x5)
[0823/095718.054:ERROR:registration_protocol_win.cc(102)] CreateFile: Le fichier spécifié est introuvable. (0x2)
[0823/095718.090:ERROR:registration_protocol_win.cc(102)] CreateFile: Le fichier spécifié est introuvable. (0x2)
[0823/095718.490:ERROR:registration_protocol_win.cc(102)] CreateFile: Le fichier spécifié est introuvable. (0x2)
[0823/095718.634:ERROR:registration_protocol_win.cc(102)] CreateFile: Le fichier spécifié est introuvable. (0x2)
[0823/095720.324:ERROR:registration_protocol_win.cc(102)] CreateFile: Le fichier spécifié est introuvable. (0x2)
[0823/095721.530:ERROR:registration_protocol_win.cc(102)] CreateFile: Le fichier spécifié est introuvable. (0x2)
[0823/095721.638:ERROR:registration_protocol_win.cc(102)] CreateFile: Le fichier spécifié est introuvable. (0x2)
[0823/095722.894:ERROR:registration_protocol_win.cc(102)] CreateFile: Le fichier spécifié est introuvable. (0x2)
[0823/095748.051:ERROR:registration_protocol_win.cc(102)] CreateFile: Le fichier spécifié est introuvable. (0x2)
[0823/095748.058:ERROR:registration_protocol_win.cc(102)] CreateFile: Le fichier spécifié est introuvable. (0x2)
[0823/095850.656:ERROR:registration_protocol_win.cc(130)] TransactNamedPipe: Le canal de communication a été fermé. (0x6D)
[0823/095850.663:ERROR:crash_report_database_win.cc(606)] CreateDirectory C:\ProgramData\Safe Family\Logs: Accès refusé. (0x5)
[0823/095851.258:ERROR:registration_protocol_win.cc(102)] CreateFile: Le fichier spécifié est introuvable. (0x2)
[0823/095851.275:ERROR:registration_protocol_win.cc(102)] CreateFile: Le fichier spécifié est introuvable. (0x2)
[0823/095851.295:ERROR:registration_protocol_win.cc(102)] CreateFile: Le fichier spécifié est introuvable. (0x2)
[0823/095851.421:ERROR:registration_protocol_win.cc(102)] CreateFile: Le fichier spécifié est introuvable. (0x2)
[0823/095851.984:ERROR:registration_protocol_win.cc(102)] CreateFile: Le fichier spécifié est introuvable. (0x2)
[0823/095852.754:ERROR:registration_protocol_win.cc(102)] CreateFile: Le fichier spécifié est introuvable. (0x2)
[0823/095854.227:ERROR:registration_protocol_win.cc(102)] CreateFile: Le fichier spécifié est introuvable. (0x2)
[0823/095921.202:ERROR:registration_protocol_win.cc(102)] CreateFile: Le fichier spécifié est introuvable. (0x2)
[0823/095921.331:ERROR:registration_protocol_win.cc(102)] CreateFile: Le fichier spécifié est introuvable. (0x2)
[0823/100051.038:ERROR:registration_protocol_win.cc(102)] CreateFile: Le fichier spécifié est introuvable. (0x2)
[0823/100421.587:ERROR:registration_protocol_win.cc(130)] TransactNamedPipe: Le canal de communication a été fermé. (0x6D)
[0823/100421.587:ERROR:crash_report_database_win.cc(606)] CreateDirectory C:\ProgramData\Safe Family\Logs: Accès refusé. (0x5)
[0823/100422.267:ERROR:registration_protocol_win.cc(102)] CreateFile: Le fichier spécifié est introuvable. (0x2)
[0823/100422.267:ERROR:registration_protocol_win.cc(102)] CreateFile: Le fichier spécifié est introuvable. (0x2)
[0823/100422.275:ERROR:registration_protocol_win.cc(102)] CreateFile: Le fichier spécifié est introuvable. (0x2)
[0823/100601.532:ERROR:registration_protocol_win.cc(130)] TransactNamedPipe: Le canal de communication a été fermé. (0x6D)
[0823/100601.532:ERROR:crash_report_database_win.cc(606)] CreateDirectory C:\ProgramData\Safe Family\Logs: Accès refusé. (0x5)
[0823/100602.027:ERROR:registration_protocol_win.cc(102)] CreateFile: Le fichier spécifié est introuvable. (0x2)
[0823/100602.037:ERROR:registration_protocol_win.cc(102)] CreateFile: Le fichier spécifié est introuvable. (0x2)
[0823/100602.118:ERROR:registration_protocol_win.cc(102)] CreateFile: Le fichier spécifié est introuvable. (0x2)
[0823/100602.232:ERROR:registration_protocol_win.cc(102)] CreateFile: Le fichier spécifié est introuvable. (0x2)
[0823/100602.783:ERROR:registration_protocol_win.cc(102)] CreateFile: Le fichier spécifié est introuvable. (0x2)
[0823/100603.509:ERROR:registration_protocol_win.cc(102)] CreateFile: Le fichier spécifié est introuvable. (0x2)
[0823/100605.068:ERROR:registration_protocol_win.cc(102)] CreateFile: Le fichier spécifié est introuvable. (0x2)
[0823/100632.072:ERROR:registration_protocol_win.cc(102)] CreateFile: Le fichier spécifié est introuvable. (0x2)
[0823/100632.125:ERROR:registration_protocol_win.cc(102)] CreateFile: Le fichier spécifié est introuvable. (0x2)
[0823/100801.858:ERROR:registration_protocol_win.cc(102)] CreateFile: Le fichier spécifié est introuvable. (0x2)
[0823/101031.442:ERROR:registration_protocol_win.cc(130)] TransactNamedPipe: Le canal de communication a été fermé. (0x6D)
[0823/101031.442:ERROR:crash_report_database_win.cc(606)] CreateDirectory C:\ProgramData\Safe Family\Logs: Accès refusé. (0x5)
[0823/101031.890:ERROR:registration_protocol_win.cc(102)] CreateFile: Le fichier spécifié est introuvable. (0x2)
[0823/101031.930:ERROR:registration_protocol_win.cc(102)] CreateFile: Le fichier spécifié est introuvable. (0x2)
[0823/101032.001:ERROR:registration_protocol_win.cc(102)] CreateFile: Le fichier spécifié est introuvable. (0x2)
[0823/101032.042:ERROR:registration_protocol_win.cc(102)] CreateFile: Le fichier spécifié est introuvable. (0x2)
[0823/101032.578:ERROR:registration_protocol_win.cc(102)] CreateFile: Le fichier spécifié est introuvable. (0x2)
[0823/101033.283:ERROR:registration_protocol_win.cc(102)] CreateFile: Le fichier spécifié est introuvable. (0x2)
[0823/101034.912:ERROR:registration_protocol_win.cc(102)] CreateFile: Le fichier spécifié est introuvable. (0x2)
[0823/101101.788:ERROR:registration_protocol_win.cc(102)] CreateFile: Le fichier spécifié est introuvable. (0x2)
[0823/101101.808:ERROR:registration_protocol_win.cc(102)] CreateFile: Le fichier spécifié est introuvable. (0x2)
[0823/101130.017:ERROR:registration_protocol_win.cc(130)] TransactNamedPipe: Le canal de communication a été fermé. (0x6D)
[0823/101130.017:ERROR:crash_report_database_win.cc(606)] CreateDirectory C:\ProgramData\Safe Family\Logs: Accès refusé. (0x5)
[0823/101130.415:ERROR:registration_protocol_win.cc(102)] CreateFile: Le fichier spécifié est introuvable. (0x2)
[0823/101130.546:ERROR:registration_protocol_win.cc(102)] CreateFile: Le fichier spécifié est introuvable. (0x2)
[0823/101130.567:ERROR:registration_protocol_win.cc(102)] CreateFile: Le fichier spécifié est introuvable. (0x2)
[0823/101130.696:ERROR:registration_protocol_win.cc(102)] CreateFile: Le fichier spécifié est introuvable. (0x2)
[0823/101131.224:ERROR:registration_protocol_win.cc(102)] CreateFile: Le fichier spécifié est introuvable. (0x2)
[0823/101131.910:ERROR:registration_protocol_win.cc(102)] CreateFile: Le fichier spécifié est introuvable. (0x2)
[0823/101133.518:ERROR:registration_protocol_win.cc(102)] CreateFile: Le fichier spécifié est introuvable. (0x2)
[0823/101200.376:ERROR:registration_protocol_win.cc(102)] CreateFile: Le fichier spécifié est introuvable. (0x2)
[0823/101200.376:ERROR:registration_protocol_win.cc(102)] CreateFile: Le fichier spécifié est introuvable. (0x2)
[0823/101330.372:ERROR:registration_protocol_win.cc(102)] CreateFile: Le fichier spécifié est introuvable. (0x2)
[0823/101438.777:ERROR:registration_protocol_win.cc(130)] TransactNamedPipe: Le canal de communication a été fermé. (0x6D)
[0823/101438.777:ERROR:crash_report_database_win.cc(606)] CreateDirectory C:\ProgramData\Safe Family\Logs: Accès refusé. (0x5)
[0823/101439.305:ERROR:registration_protocol_win.cc(102)] CreateFile: Le fichier spécifié est introuvable. (0x2)
[0823/101439.356:ERROR:registration_protocol_win.cc(102)] CreateFile: Le fichier spécifié est introuvable. (0x2)
[0823/101439.427:ERROR:registration_protocol_win.cc(102)] CreateFile: Le fichier spécifié est introuvable. (0x2)
[0823/101439.516:ERROR:registration_protocol_win.cc(102)] CreateFile: Le fichier spécifié est introuvable. (0x2)
[0823/101440.075:ERROR:registration_protocol_win.cc(102)] CreateFile: Le fichier spécifié est introuvable. (0x2)
[0823/101440.759:ERROR:registration_protocol_win.cc(102)] CreateFile: Le fichier spécifié est introuvable. (0x2)
[0823/101442.458:ERROR:registration_protocol_win.cc(102)] CreateFile: Le fichier spécifié est introuvable. (0x2)
[0823/101442.760:ERROR:registration_protocol_win.cc(102)] CreateFile: Le fichier spécifié est introuvable. (0x2)
[0823/101509.205:ERROR:registration_protocol_win.cc(102)] CreateFile: Le fichier spécifié est introuvable. (0x2)
[0823/101509.244:ERROR:registration_protocol_win.cc(102)] CreateFile: Le fichier spécifié est introuvable. (0x2)
[0823/111301.631:ERROR:registration_protocol_win.cc(130)] TransactNamedPipe: Le canal de communication a été fermé. (0x6D)
[0823/111301.685:ERROR:crash_report_database_win.cc(606)] CreateDirectory C:\ProgramData\Safe Family\Logs: Accès refusé. (0x5)
[0823/111302.402:ERROR:registration_protocol_win.cc(102)] CreateFile: Le fichier spécifié est introuvable. (0x2)
[0823/111302.502:ERROR:registration_protocol_win.cc(102)] CreateFile: Le fichier spécifié est introuvable. (0x2)
[0823/111302.533:ERROR:registration_protocol_win.cc(102)] CreateFile: Le fichier spécifié est introuvable. (0x2)
[0823/111302.671:ERROR:registration_protocol_win.cc(102)] CreateFile: Le fichier spécifié est introuvable. (0x2)
[0823/111302.974:ERROR:registration_protocol_win.cc(102)] CreateFile: Le fichier spécifié est introuvable. (0x2)
[0823/111303.557:ERROR:registration_protocol_win.cc(102)] CreateFile: Le fichier spécifié est introuvable. (0x2)
[0823/111305.366:ERROR:registration_protocol_win.cc(102)] CreateFile: Le fichier spécifié est introuvable. (0x2)
[0823/111332.103:ERROR:registration_protocol_win.cc(102)] CreateFile: Le fichier spécifié est introuvable. (0x2)
[0823/111332.220:ERROR:registration_protocol_win.cc(102)] CreateFile: Le fichier spécifié est introuvable. (0x2)
[0823/111502.127:ERROR:registration_protocol_win.cc(102)] CreateFile: Le fichier spécifié est introuvable. (0x2)
[0823/113350.675:ERROR:registration_protocol_win.cc(130)] TransactNamedPipe: Le canal de communication a été fermé. (0x6D)
[0823/113350.687:ERROR:crash_report_database_win.cc(606)] CreateDirectory C:\ProgramData\Safe Family\Logs: Accès refusé. (0x5)
[0823/113351.126:ERROR:registration_protocol_win.cc(102)] CreateFile: Le fichier spécifié est introuvable. (0x2)
[0823/113351.155:ERROR:registration_protocol_win.cc(102)] CreateFile: Le fichier spécifié est introuvable. (0x2)
[0823/113351.198:ERROR:registration_protocol_win.cc(102)] CreateFile: Le fichier spécifié est introuvable. (0x2)
[0823/113351.248:ERROR:registration_protocol_win.cc(102)] CreateFile: Le fichier spécifié est introuvable. (0x2)
[0823/113351.837:ERROR:registration_protocol_win.cc(102)] CreateFile: Le fichier spécifié est introuvable. (0x2)
[0823/113352.471:ERROR:registration_protocol_win.cc(102)] CreateFile: Le fichier spécifié est introuvable. (0x2)
[0823/113354.436:ERROR:registration_protocol_win.cc(102)] CreateFile: Le fichier spécifié est introuvable. (0x2)
[0823/113420.967:ERROR:registration_protocol_win.cc(102)] CreateFile: Le fichier spécifié est introuvable. (0x2)
[0823/113421.038:ERROR:registration_protocol_win.cc(102)] CreateFile: Le fichier spécifié est introuvable. (0x2)
[0823/113551.084:ERROR:registration_protocol_win.cc(102)] CreateFile: Le fichier spécifié est introuvable. (0x2)
[0823/114046.648:ERROR:registration_protocol_win.cc(130)] TransactNamedPipe: Le canal de communication a été fermé. (0x6D)
[0823/114046.649:ERROR:crash_report_database_win.cc(606)] CreateDirectory C:\ProgramData\Safe Family\Logs: Accès refusé. (0x5)
[0823/114047.567:ERROR:registration_protocol_win.cc(102)] CreateFile: Le fichier spécifié est introuvable. (0x2)
[0823/114053.515:ERROR:registration_protocol_win.cc(130)] TransactNamedPipe: Le canal de communication a été fermé. (0x6D)
[0823/114053.525:ERROR:crash_report_database_win.cc(606)] CreateDirectory C:\ProgramData\Safe Family\Logs: Accès refusé. (0x5)
[0823/114053.875:ERROR:registration_protocol_win.cc(102)] CreateFile: Le fichier spécifié est introuvable. (0x2)
[0823/114053.935:ERROR:registration_protocol_win.cc(102)] CreateFile: Le fichier spécifié est introuvable. (0x2)
[0823/114128.325:ERROR:registration_protocol_win.cc(130)] TransactNamedPipe: Le canal de communication a été fermé. (0x6D)
[0823/114128.345:ERROR:crash_report_database_win.cc(606)] CreateDirectory C:\ProgramData\Safe Family\Logs: Accès refusé. (0x5)
[0823/114128.731:ERROR:registration_protocol_win.cc(102)] CreateFile: Le fichier spécifié est introuvable. (0x2)
[0823/114128.746:ERROR:registration_protocol_win.cc(102)] CreateFile: Le fichier spécifié est introuvable. (0x2)
[0823/114927.076:ERROR:registration_protocol_win.cc(130)] TransactNamedPipe: Le canal de communication a été fermé. (0x6D)
[0823/114927.077:ERROR:crash_report_database_win.cc(606)] CreateDirectory C:\ProgramData\Safe Family\Logs: Accès refusé. (0x5)
[0823/114927.618:ERROR:registration_protocol_win.cc(102)] CreateFile: Le fichier spécifié est introuvable. (0x2)
[0823/114927.715:ERROR:registration_protocol_win.cc(102)] CreateFile: Le fichier spécifié est introuvable. (0x2)
[0823/114927.764:ERROR:registration_protocol_win.cc(102)] CreateFile: Le fichier spécifié est introuvable. (0x2)
[0823/114927.840:ERROR:registration_protocol_win.cc(102)] CreateFile: Le fichier spécifié est introuvable. (0x2)
[0823/114928.317:ERROR:registration_protocol_win.cc(102)] CreateFile: Le fichier spécifié est introuvable. (0x2)
[0823/114928.978:ERROR:registration_protocol_win.cc(102)] CreateFile: Le fichier spécifié est introuvable. (0x2)
[0823/114931.106:ERROR:registration_protocol_win.cc(102)] CreateFile: Le fichier spécifié est introuvable. (0x2)
[0823/114931.281:ERROR:registration_protocol_win.cc(102)] CreateFile: Le fichier spécifié est introuvable. (0x2)
[0823/114950.177:ERROR:registration_protocol_win.cc(130)] TransactNamedPipe: Le canal de communication a été fermé. (0x6D)
[0823/114950.187:ERROR:crash_report_database_win.cc(606)] CreateDirectory C:\ProgramData\Safe Family\Logs: Accès refusé. (0x5)
[0823/114950.781:ERROR:registration_protocol_win.cc(102)] CreateFile: Le fichier spécifié est introuvable. (0x2)
[0823/114950.825:ERROR:registration_protocol_win.cc(102)] CreateFile: Le fichier spécifié est introuvable. (0x2)
[0823/114951.023:ERROR:registration_protocol_win.cc(102)] CreateFile: Le fichier spécifié est introuvable. (0x2)
[0823/114951.174:ERROR:registration_protocol_win.cc(102)] CreateFile: Le fichier spécifié est introuvable. (0x2)
[0823/114951.650:ERROR:registration_protocol_win.cc(102)] CreateFile: Le fichier spécifié est introuvable. (0x2)
[0823/114952.148:ERROR:registration_protocol_win.cc(102)] CreateFile: Le fichier spécifié est introuvable. (0x2)
[0823/114953.890:ERROR:registration_protocol_win.cc(102)] CreateFile: Le fichier spécifié est introuvable. (0x2)
[0823/115020.463:ERROR:registration_protocol_win.cc(102)] CreateFile: Le fichier spécifié est introuvable. (0x2)
[0823/115020.476:ERROR:registration_protocol_win.cc(102)] CreateFile: Le fichier spécifié est introuvable. (0x2)
[0823/115145.158:ERROR:registration_protocol_win.cc(130)] TransactNamedPipe: Le canal de communication a été fermé. (0x6D)
[0823/115145.160:ERROR:crash_report_database_win.cc(606)] CreateDirectory C:\ProgramData\Safe Family\Logs: Accès refusé. (0x5)
[0823/115145.540:ERROR:registration_protocol_win.cc(102)] CreateFile: Le fichier spécifié est introuvable. (0x2)
[0823/115145.594:ERROR:registration_protocol_win.cc(102)] CreateFile: Le fichier spécifié est introuvable. (0x2)
[0823/115145.612:ERROR:resource_bundle.cc(917)] Failed to load C:\Users\masso\OneDrive\Bureau\TDS\tower-defense-game\resources.pak
Some features may not be available.
[0823/115150.464:ERROR:registration_protocol_win.cc(102)] CreateFile: Le fichier spécifié est introuvable. (0x2)
[0823/115613.170:ERROR:registration_protocol_win.cc(102)] CreateFile: Le fichier spécifié est introuvable. (0x2)
[0824/182346.872:ERROR:registration_protocol_win.cc(130)] TransactNamedPipe: Le canal de communication a été fermé. (0x6D)
[0824/182346.895:ERROR:crash_report_database_win.cc(606)] CreateDirectory C:\ProgramData\Safe Family\Logs: Accès refusé. (0x5)
[0824/182348.494:ERROR:registration_protocol_win.cc(102)] CreateFile: Le fichier spécifié est introuvable. (0x2)
[0824/182348.608:ERROR:registration_protocol_win.cc(102)] CreateFile: Le fichier spécifié est introuvable. (0x2)
[0824/182349.168:ERROR:registration_protocol_win.cc(102)] CreateFile: Le fichier spécifié est introuvable. (0x2)
[0824/182349.488:ERROR:registration_protocol_win.cc(102)] CreateFile: Le fichier spécifié est introuvable. (0x2)
[0824/182352.319:ERROR:registration_protocol_win.cc(102)] CreateFile: Le fichier spécifié est introuvable. (0x2)
[0824/182354.051:ERROR:registration_protocol_win.cc(102)] CreateFile: Le fichier spécifié est introuvable. (0x2)
[0824/182354.585:ERROR:registration_protocol_win.cc(102)] CreateFile: Le fichier spécifié est introuvable. (0x2)
[0824/182358.049:ERROR:registration_protocol_win.cc(102)] CreateFile: Le fichier spécifié est introuvable. (0x2)
[0824/182418.914:ERROR:registration_protocol_win.cc(102)] CreateFile: Le fichier spécifié est introuvable. (0x2)
[0824/182418.949:ERROR:registration_protocol_win.cc(102)] CreateFile: Le fichier spécifié est introuvable. (0x2)
[0825/183948.872:ERROR:registration_protocol_win.cc(130)] TransactNamedPipe: Le canal de communication a été fermé. (0x6D)
[0825/183948.881:ERROR:crash_report_database_win.cc(606)] CreateDirectory C:\ProgramData\Safe Family\Logs: Accès refusé. (0x5)
[0825/183949.720:ERROR:registration_protocol_win.cc(102)] CreateFile: Le fichier spécifié est introuvable. (0x2)
[0825/183949.720:ERROR:registration_protocol_win.cc(102)] CreateFile: Le fichier spécifié est introuvable. (0x2)
[0825/183950.066:ERROR:registration_protocol_win.cc(102)] CreateFile: Le fichier spécifié est introuvable. (0x2)
[0825/183950.425:ERROR:registration_protocol_win.cc(102)] CreateFile: Le fichier spécifié est introuvable. (0x2)
[0825/183951.468:ERROR:registration_protocol_win.cc(102)] CreateFile: Le fichier spécifié est introuvable. (0x2)
[0825/183952.416:ERROR:registration_protocol_win.cc(102)] CreateFile: Le fichier spécifié est introuvable. (0x2)
[0825/183953.369:ERROR:registration_protocol_win.cc(102)] CreateFile: Le fichier spécifié est introuvable. (0x2)
[0825/184019.686:ERROR:registration_protocol_win.cc(102)] CreateFile: Le fichier spécifié est introuvable. (0x2)
[0825/184019.701:ERROR:registration_protocol_win.cc(102)] CreateFile: Le fichier spécifié est introuvable. (0x2)
[0825/184052.098:ERROR:registration_protocol_win.cc(102)] CreateFile: Le fichier spécifié est introuvable. (0x2)
[0825/184149.776:ERROR:registration_protocol_win.cc(102)] CreateFile: Le fichier spécifié est introuvable. (0x2)
[0825/184257.924:ERROR:registration_protocol_win.cc(130)] TransactNamedPipe: Le canal de communication a été fermé. (0x6D)
[0825/184257.926:ERROR:crash_report_database_win.cc(606)] CreateDirectory C:\ProgramData\Safe Family\Logs: Accès refusé. (0x5)
[0825/184258.199:ERROR:registration_protocol_win.cc(102)] CreateFile: Le fichier spécifié est introuvable. (0x2)
[0825/184258.253:ERROR:registration_protocol_win.cc(102)] CreateFile: Le fichier spécifié est introuvable. (0x2)
[0825/184258.243:ERROR:registration_protocol_win.cc(102)] CreateFile: Le fichier spécifié est introuvable. (0x2)
[0825/184258.399:ERROR:registration_protocol_win.cc(102)] CreateFile: Le fichier spécifié est introuvable. (0x2)
[0825/184258.774:ERROR:registration_protocol_win.cc(102)] CreateFile: Le fichier spécifié est introuvable. (0x2)
[0825/184259.300:ERROR:registration_protocol_win.cc(102)] CreateFile: Le fichier spécifié est introuvable. (0x2)
[0825/184301.259:ERROR:registration_protocol_win.cc(102)] CreateFile: Le fichier spécifié est introuvable. (0x2)
[0825/184328.232:ERROR:registration_protocol_win.cc(102)] CreateFile: Le fichier spécifié est introuvable. (0x2)
[0825/184328.233:ERROR:registration_protocol_win.cc(102)] CreateFile: Le fichier spécifié est introuvable. (0x2)
[0825/184458.151:ERROR:registration_protocol_win.cc(102)] CreateFile: Le fichier spécifié est introuvable. (0x2)
